<?xml version='1.0' encoding='utf-8'?>
<testsuites><testsuite name="test_market_analyst" tests="1" failures="0" skipped="0"><testcase name="test_market_analysis" classname="test_market_analyst" time="1.234" /></testsuite><testsuite name="test_risk_manager" tests="1" failures="1" skipped="0"><testcase name="test_risk_calculation" classname="test_risk_manager" time="0.567"><failure message="Assertion error: Expected 100, got 99" /></testcase></testsuite></testsuites>
